2020-10-08T14:34:25-0400 [INFO    ] dandi Traversing remote dandisets (000019) recursively
2020-10-08T14:34:25-0400 [INFO    ] backups2datalad.py Updating metadata file
2020-10-08T14:34:27-0400 [INFO    ] backups2datalad.py Syncing asset /sub-EC2/sub-EC2_ses-EC2-B1.nwb
2020-10-08T14:34:27-0400 [WARNING ] backups2datalad.py Asset metadata does not include sha256 hash
2020-10-08T14:34:27-0400 [INFO    ] backups2datalad.py Asset in dataset, hash not available, and size is unchanged; will not update
2020-10-08T14:34:27-0400 [INFO    ] backups2datalad.py Syncing asset /sub-EC2/sub-EC2_ses-EC2-B105.nwb
2020-10-08T14:34:27-0400 [WARNING ] backups2datalad.py Asset metadata does not include sha256 hash
2020-10-08T14:34:28-0400 [INFO    ] backups2datalad.py Asset in dataset, hash not available, and size is unchanged; will not update
2020-10-08T14:34:28-0400 [INFO    ] backups2datalad.py Syncing asset /sub-EC2/sub-EC2_ses-EC2-B15.nwb
2020-10-08T14:34:28-0400 [WARNING ] backups2datalad.py Asset metadata does not include sha256 hash
2020-10-08T14:34:28-0400 [INFO    ] backups2datalad.py Asset in dataset, hash not available, and size is unchanged; will not update
2020-10-08T14:34:28-0400 [INFO    ] backups2datalad.py Syncing asset /sub-EC2/sub-EC2_ses-EC2-B76.nwb
2020-10-08T14:34:28-0400 [WARNING ] backups2datalad.py Asset metadata does not include sha256 hash
2020-10-08T14:34:28-0400 [INFO    ] backups2datalad.py Asset in dataset, hash not available, and size is unchanged; will not update
2020-10-08T14:34:28-0400 [INFO    ] backups2datalad.py Syncing asset /sub-EC2/sub-EC2_ses-EC2-B8.nwb
2020-10-08T14:34:28-0400 [WARNING ] backups2datalad.py Asset metadata does not include sha256 hash
2020-10-08T14:34:29-0400 [INFO    ] backups2datalad.py Asset in dataset, hash not available, and size is unchanged; will not update
2020-10-08T14:34:29-0400 [INFO    ] backups2datalad.py Syncing asset /sub-EC2/sub-EC2_ses-EC2-B89.nwb
2020-10-08T14:34:29-0400 [WARNING ] backups2datalad.py Asset metadata does not include sha256 hash
2020-10-08T14:34:29-0400 [INFO    ] backups2datalad.py Asset in dataset, hash not available, and size is unchanged; will not update
2020-10-08T14:34:29-0400 [INFO    ] backups2datalad.py Syncing asset /sub-EC2/sub-EC2_ses-EC2-B9.nwb
2020-10-08T14:34:29-0400 [WARNING ] backups2datalad.py Asset metadata does not include sha256 hash
2020-10-08T14:34:29-0400 [INFO    ] backups2datalad.py Asset in dataset, hash not available, and size is unchanged; will not update
2020-10-08T14:34:29-0400 [INFO    ] backups2datalad.py Syncing asset /sub-EC9/sub-EC9_ses-EC9-B15.nwb
2020-10-08T14:34:29-0400 [WARNING ] backups2datalad.py Asset metadata does not include sha256 hash
2020-10-08T14:34:30-0400 [INFO    ] backups2datalad.py Asset in dataset, hash not available, and size is unchanged; will not update
2020-10-08T14:34:30-0400 [INFO    ] backups2datalad.py Syncing asset /sub-EC9/sub-EC9_ses-EC9-B39.nwb
2020-10-08T14:34:30-0400 [WARNING ] backups2datalad.py Asset metadata does not include sha256 hash
2020-10-08T14:34:30-0400 [INFO    ] backups2datalad.py Asset in dataset, hash not available, and size is unchanged; will not update
2020-10-08T14:34:30-0400 [INFO    ] backups2datalad.py Syncing asset /sub-EC9/sub-EC9_ses-EC9-B46.nwb
2020-10-08T14:34:30-0400 [WARNING ] backups2datalad.py Asset metadata does not include sha256 hash
2020-10-08T14:34:30-0400 [INFO    ] backups2datalad.py Asset in dataset, hash not available, and size is unchanged; will not update
2020-10-08T14:34:30-0400 [INFO    ] backups2datalad.py Syncing asset /sub-EC9/sub-EC9_ses-EC9-B49.nwb
2020-10-08T14:34:30-0400 [WARNING ] backups2datalad.py Asset metadata does not include sha256 hash
2020-10-08T14:34:31-0400 [INFO    ] backups2datalad.py Asset in dataset, hash not available, and size is unchanged; will not update
2020-10-08T14:34:31-0400 [INFO    ] backups2datalad.py Syncing asset /sub-EC9/sub-EC9_ses-EC9-B53.nwb
2020-10-08T14:34:31-0400 [WARNING ] backups2datalad.py Asset metadata does not include sha256 hash
2020-10-08T14:34:31-0400 [INFO    ] backups2datalad.py Asset in dataset, hash not available, and size is unchanged; will not update
2020-10-08T14:34:31-0400 [INFO    ] backups2datalad.py Syncing asset /sub-EC9/sub-EC9_ses-EC9-B60.nwb
2020-10-08T14:34:31-0400 [WARNING ] backups2datalad.py Asset metadata does not include sha256 hash
2020-10-08T14:34:31-0400 [INFO    ] backups2datalad.py Asset in dataset, hash not available, and size is unchanged; will not update
2020-10-08T14:34:31-0400 [INFO    ] backups2datalad.py Syncing asset /sub-EC9/sub-EC9_ses-EC9-B63.nwb
2020-10-08T14:34:31-0400 [WARNING ] backups2datalad.py Asset metadata does not include sha256 hash
2020-10-08T14:34:32-0400 [INFO    ] backups2datalad.py Asset in dataset, hash not available, and size is unchanged; will not update
2020-10-08T14:34:32-0400 [INFO    ] backups2datalad.py Syncing asset /sub-GP31/sub-GP31_ses-GP31-B1.nwb
2020-10-08T14:34:32-0400 [WARNING ] backups2datalad.py Asset metadata does not include sha256 hash
2020-10-08T14:34:32-0400 [INFO    ] backups2datalad.py Asset in dataset, hash not available, and size is unchanged; will not update
2020-10-08T14:34:32-0400 [INFO    ] backups2datalad.py Syncing asset /sub-GP31/sub-GP31_ses-GP31-B2.nwb
2020-10-08T14:34:32-0400 [WARNING ] backups2datalad.py Asset metadata does not include sha256 hash
2020-10-08T14:34:32-0400 [INFO    ] backups2datalad.py Asset in dataset, hash not available, and size is unchanged; will not update
2020-10-08T14:34:32-0400 [INFO    ] backups2datalad.py Syncing asset /sub-GP31/sub-GP31_ses-GP31-B21.nwb
2020-10-08T14:34:32-0400 [WARNING ] backups2datalad.py Asset metadata does not include sha256 hash
2020-10-08T14:34:33-0400 [INFO    ] backups2datalad.py Asset in dataset, hash not available, and size is unchanged; will not update
2020-10-08T14:34:33-0400 [INFO    ] backups2datalad.py Syncing asset /sub-GP31/sub-GP31_ses-GP31-B4.nwb
2020-10-08T14:34:33-0400 [WARNING ] backups2datalad.py Asset metadata does not include sha256 hash
2020-10-08T14:34:33-0400 [INFO    ] backups2datalad.py Asset in dataset, hash not available, and size is unchanged; will not update
2020-10-08T14:34:33-0400 [INFO    ] backups2datalad.py Syncing asset /sub-GP31/sub-GP31_ses-GP31-B6.nwb
2020-10-08T14:34:33-0400 [WARNING ] backups2datalad.py Asset metadata does not include sha256 hash
2020-10-08T14:34:33-0400 [INFO    ] backups2datalad.py Asset in dataset, hash not available, and size is unchanged; will not update
2020-10-08T14:34:33-0400 [INFO    ] backups2datalad.py Syncing asset /sub-GP31/sub-GP31_ses-GP31-B63.nwb
2020-10-08T14:34:33-0400 [WARNING ] backups2datalad.py Asset metadata does not include sha256 hash
2020-10-08T14:34:34-0400 [INFO    ] backups2datalad.py Asset in dataset, hash not available, and size is unchanged; will not update
2020-10-08T14:34:34-0400 [INFO    ] backups2datalad.py Syncing asset /sub-GP31/sub-GP31_ses-GP31-B65.nwb
2020-10-08T14:34:34-0400 [WARNING ] backups2datalad.py Asset metadata does not include sha256 hash
2020-10-08T14:34:34-0400 [INFO    ] backups2datalad.py Asset in dataset, hash not available, and size is unchanged; will not update
2020-10-08T14:34:34-0400 [INFO    ] backups2datalad.py Syncing asset /sub-GP31/sub-GP31_ses-GP31-B67.nwb
2020-10-08T14:34:34-0400 [WARNING ] backups2datalad.py Asset metadata does not include sha256 hash
2020-10-08T14:34:34-0400 [INFO    ] backups2datalad.py Asset in dataset, hash not available, and size is unchanged; will not update
2020-10-08T14:34:34-0400 [INFO    ] backups2datalad.py Syncing asset /sub-GP31/sub-GP31_ses-GP31-B69.nwb
2020-10-08T14:34:34-0400 [WARNING ] backups2datalad.py Asset metadata does not include sha256 hash
2020-10-08T14:34:35-0400 [INFO    ] backups2datalad.py Asset in dataset, hash not available, and size is unchanged; will not update
2020-10-08T14:34:35-0400 [INFO    ] backups2datalad.py Syncing asset /sub-GP31/sub-GP31_ses-GP31-B71.nwb
2020-10-08T14:34:35-0400 [WARNING ] backups2datalad.py Asset metadata does not include sha256 hash
2020-10-08T14:34:35-0400 [INFO    ] backups2datalad.py Asset in dataset, hash not available, and size is unchanged; will not update
2020-10-08T14:34:35-0400 [INFO    ] backups2datalad.py Syncing asset /sub-GP31/sub-GP31_ses-GP31-B78.nwb
2020-10-08T14:34:35-0400 [WARNING ] backups2datalad.py Asset metadata does not include sha256 hash
2020-10-08T14:34:35-0400 [INFO    ] backups2datalad.py Asset in dataset, hash not available, and size is unchanged; will not update
2020-10-08T14:34:35-0400 [INFO    ] backups2datalad.py Syncing asset /sub-GP31/sub-GP31_ses-GP31-B82.nwb
2020-10-08T14:34:35-0400 [WARNING ] backups2datalad.py Asset metadata does not include sha256 hash
2020-10-08T14:34:36-0400 [INFO    ] backups2datalad.py Asset in dataset, hash not available, and size is unchanged; will not update
2020-10-08T14:34:36-0400 [INFO    ] backups2datalad.py Syncing asset /sub-GP31/sub-GP31_ses-GP31-B83.nwb
2020-10-08T14:34:36-0400 [WARNING ] backups2datalad.py Asset metadata does not include sha256 hash
2020-10-08T14:34:36-0400 [INFO    ] backups2datalad.py Asset in dataset, hash not available, and size is unchanged; will not update
2020-10-08T14:34:36-0400 [INFO    ] backups2datalad.py Syncing asset /sub-GP31/sub-GP31_ses-GP31-B9.nwb
2020-10-08T14:34:36-0400 [WARNING ] backups2datalad.py Asset metadata does not include sha256 hash
2020-10-08T14:34:36-0400 [INFO    ] backups2datalad.py Asset in dataset, hash not available, and size is unchanged; will not update
2020-10-08T14:34:36-0400 [INFO    ] backups2datalad.py Syncing asset /sub-GP33/sub-GP33_ses-GP33-B1.nwb
2020-10-08T14:34:36-0400 [WARNING ] backups2datalad.py Asset metadata does not include sha256 hash
2020-10-08T14:34:36-0400 [INFO    ] backups2datalad.py Asset in dataset, hash not available, and size is unchanged; will not update
2020-10-08T14:34:36-0400 [INFO    ] backups2datalad.py Syncing asset /sub-GP33/sub-GP33_ses-GP33-B30.nwb
2020-10-08T14:34:36-0400 [WARNING ] backups2datalad.py Asset metadata does not include sha256 hash
2020-10-08T14:34:37-0400 [INFO    ] backups2datalad.py Asset in dataset, hash not available, and size is unchanged; will not update
2020-10-08T14:34:37-0400 [INFO    ] backups2datalad.py Syncing asset /sub-GP33/sub-GP33_ses-GP33-B5.nwb
2020-10-08T14:34:37-0400 [WARNING ] backups2datalad.py Asset metadata does not include sha256 hash
2020-10-08T14:34:37-0400 [INFO    ] backups2datalad.py Asset in dataset, hash not available, and size is unchanged; will not update
2020-10-08T14:34:37-0400 [INFO    ] backups2datalad.py Commiting changes
2020-10-08T14:34:38-0400 [INFO    ] backups2datalad.py Creating GitHub sibling for 000019
2020-10-08T14:34:38-0400 [INFO    ] backups2datalad.py Pushing to sibling
2020-10-08T14:34:38-0400 [INFO    ] datalad.core.distributed.push Determine push target
2020-10-08T14:34:38-0400 [INFO    ] datalad.core.distributed.push Push refspecs
2020-10-08T14:34:38-0400 [INFO    ] datalad.core.distributed.push Transfer data
2020-10-08T14:34:38-0400 [INFO    ] datalad.core.distributed.push Update availability information
2020-10-08T14:34:39-0400 [INFO    ] datalad.gitrepo Start enumerating objects
2020-10-08T14:34:39-0400 [INFO    ] datalad.gitrepo Finished enumerating objects
2020-10-08T14:34:39-0400 [INFO    ] datalad.gitrepo Start counting objects
2020-10-08T14:34:39-0400 [INFO    ] datalad.gitrepo Counting objects:  16% (1/6)
2020-10-08T14:34:39-0400 [INFO    ] datalad.gitrepo Counting objects:  33% (2/6)
2020-10-08T14:34:39-0400 [INFO    ] datalad.gitrepo Counting objects:  50% (3/6)
2020-10-08T14:34:39-0400 [INFO    ] datalad.gitrepo Counting objects:  66% (4/6)
2020-10-08T14:34:39-0400 [INFO    ] datalad.gitrepo Counting objects:  83% (5/6)
2020-10-08T14:34:39-0400 [INFO    ] datalad.gitrepo Counting objects: 100% (6/6)
2020-10-08T14:34:39-0400 [INFO    ] datalad.gitrepo Counting objects: 100% (6/6), done.
2020-10-08T14:34:39-0400 [INFO    ] datalad.gitrepo Finished counting objects
2020-10-08T14:34:39-0400 [INFO    ] datalad.gitrepo Start compressing objects
2020-10-08T14:34:39-0400 [INFO    ] datalad.gitrepo Compressing objects:  25% (1/4)
2020-10-08T14:34:39-0400 [INFO    ] datalad.gitrepo Compressing objects:  50% (2/4)
2020-10-08T14:34:39-0400 [INFO    ] datalad.gitrepo Compressing objects:  75% (3/4)
2020-10-08T14:34:39-0400 [INFO    ] datalad.gitrepo Compressing objects: 100% (4/4)
2020-10-08T14:34:39-0400 [INFO    ] datalad.gitrepo Compressing objects: 100% (4/4), done.
2020-10-08T14:34:39-0400 [INFO    ] datalad.gitrepo Finished compressing objects
2020-10-08T14:34:39-0400 [INFO    ] datalad.gitrepo Start writing objects
2020-10-08T14:34:39-0400 [INFO    ] datalad.gitrepo Writing objects:  20% (1/5)
2020-10-08T14:34:39-0400 [INFO    ] datalad.gitrepo Writing objects:  40% (2/5)
2020-10-08T14:34:39-0400 [INFO    ] datalad.gitrepo Writing objects:  60% (3/5)
2020-10-08T14:34:39-0400 [INFO    ] datalad.gitrepo Writing objects:  80% (4/5)
2020-10-08T14:34:39-0400 [INFO    ] datalad.gitrepo Writing objects: 100% (5/5)
2020-10-08T14:34:39-0400 [INFO    ] datalad.gitrepo Writing objects: 100% (5/5), 948 bytes | 948.00 KiB/s, done.
2020-10-08T14:34:39-0400 [INFO    ] datalad.gitrepo Finished writing objects
2020-10-08T14:34:39-0400 [INFO    ] datalad.gitrepo Start resolving deltas
2020-10-08T14:34:39-0400 [INFO    ] datalad.gitrepo remote: Resolving deltas:   0% (0/1)
2020-10-08T14:34:39-0400 [INFO    ] datalad.gitrepo remote: Resolving deltas: 100% (1/1)
2020-10-08T14:34:39-0400 [INFO    ] datalad.gitrepo remote: Resolving deltas: 100% (1/1), completed with 1 local object.
2020-10-08T14:34:41-0400 [INFO    ] datalad.gitrepo Finished
2020-10-08T14:34:41-0400 [INFO    ] datalad.core.distributed.push Finished push of Dataset(/mnt/backup/dandi/dandiarchive-replica/000019)
