2020-10-09T16:35:26-0400 [INFO    ] dandi Traversing remote dandisets (000019) recursively
2020-10-09T16:35:26-0400 [INFO    ] backups2datalad.py Updating metadata file
2020-10-09T16:35:28-0400 [INFO    ] backups2datalad.py Syncing asset /sub-EC2/sub-EC2_ses-EC2-B1.nwb
2020-10-09T16:35:28-0400 [WARNING ] backups2datalad.py Asset metadata does not include sha256 hash
2020-10-09T16:35:29-0400 [INFO    ] backups2datalad.py Asset in dataset, hash not available, and size is unchanged; will not update
2020-10-09T16:35:29-0400 [INFO    ] backups2datalad.py Syncing asset /sub-EC2/sub-EC2_ses-EC2-B105.nwb
2020-10-09T16:35:29-0400 [WARNING ] backups2datalad.py Asset metadata does not include sha256 hash
2020-10-09T16:35:29-0400 [INFO    ] backups2datalad.py Asset in dataset, hash not available, and size is unchanged; will not update
2020-10-09T16:35:29-0400 [INFO    ] backups2datalad.py Syncing asset /sub-EC2/sub-EC2_ses-EC2-B15.nwb
2020-10-09T16:35:29-0400 [WARNING ] backups2datalad.py Asset metadata does not include sha256 hash
2020-10-09T16:35:29-0400 [INFO    ] backups2datalad.py Asset in dataset, hash not available, and size is unchanged; will not update
2020-10-09T16:35:29-0400 [INFO    ] backups2datalad.py Syncing asset /sub-EC2/sub-EC2_ses-EC2-B76.nwb
2020-10-09T16:35:29-0400 [WARNING ] backups2datalad.py Asset metadata does not include sha256 hash
2020-10-09T16:35:30-0400 [INFO    ] backups2datalad.py Asset in dataset, hash not available, and size is unchanged; will not update
2020-10-09T16:35:30-0400 [INFO    ] backups2datalad.py Syncing asset /sub-EC2/sub-EC2_ses-EC2-B8.nwb
2020-10-09T16:35:30-0400 [WARNING ] backups2datalad.py Asset metadata does not include sha256 hash
2020-10-09T16:35:30-0400 [INFO    ] backups2datalad.py Asset in dataset, hash not available, and size is unchanged; will not update
2020-10-09T16:35:30-0400 [INFO    ] backups2datalad.py Syncing asset /sub-EC2/sub-EC2_ses-EC2-B89.nwb
2020-10-09T16:35:30-0400 [WARNING ] backups2datalad.py Asset metadata does not include sha256 hash
2020-10-09T16:35:30-0400 [INFO    ] backups2datalad.py Asset in dataset, hash not available, and size is unchanged; will not update
2020-10-09T16:35:30-0400 [INFO    ] backups2datalad.py Syncing asset /sub-EC2/sub-EC2_ses-EC2-B9.nwb
2020-10-09T16:35:30-0400 [WARNING ] backups2datalad.py Asset metadata does not include sha256 hash
2020-10-09T16:35:30-0400 [INFO    ] backups2datalad.py Asset in dataset, hash not available, and size is unchanged; will not update
2020-10-09T16:35:30-0400 [INFO    ] backups2datalad.py Syncing asset /sub-EC9/sub-EC9_ses-EC9-B15.nwb
2020-10-09T16:35:30-0400 [WARNING ] backups2datalad.py Asset metadata does not include sha256 hash
2020-10-09T16:35:31-0400 [INFO    ] backups2datalad.py Asset in dataset, hash not available, and size is unchanged; will not update
2020-10-09T16:35:31-0400 [INFO    ] backups2datalad.py Syncing asset /sub-EC9/sub-EC9_ses-EC9-B39.nwb
2020-10-09T16:35:31-0400 [WARNING ] backups2datalad.py Asset metadata does not include sha256 hash
2020-10-09T16:35:31-0400 [INFO    ] backups2datalad.py Asset in dataset, hash not available, and size is unchanged; will not update
2020-10-09T16:35:31-0400 [INFO    ] backups2datalad.py Syncing asset /sub-EC9/sub-EC9_ses-EC9-B46.nwb
2020-10-09T16:35:31-0400 [WARNING ] backups2datalad.py Asset metadata does not include sha256 hash
2020-10-09T16:35:31-0400 [INFO    ] backups2datalad.py Asset in dataset, hash not available, and size is unchanged; will not update
2020-10-09T16:35:31-0400 [INFO    ] backups2datalad.py Syncing asset /sub-EC9/sub-EC9_ses-EC9-B49.nwb
2020-10-09T16:35:31-0400 [WARNING ] backups2datalad.py Asset metadata does not include sha256 hash
2020-10-09T16:35:32-0400 [INFO    ] backups2datalad.py Asset in dataset, hash not available, and size is unchanged; will not update
2020-10-09T16:35:32-0400 [INFO    ] backups2datalad.py Syncing asset /sub-EC9/sub-EC9_ses-EC9-B53.nwb
2020-10-09T16:35:32-0400 [WARNING ] backups2datalad.py Asset metadata does not include sha256 hash
2020-10-09T16:35:32-0400 [INFO    ] backups2datalad.py Asset in dataset, hash not available, and size is unchanged; will not update
2020-10-09T16:35:32-0400 [INFO    ] backups2datalad.py Syncing asset /sub-EC9/sub-EC9_ses-EC9-B60.nwb
2020-10-09T16:35:32-0400 [WARNING ] backups2datalad.py Asset metadata does not include sha256 hash
2020-10-09T16:35:32-0400 [INFO    ] backups2datalad.py Asset in dataset, hash not available, and size is unchanged; will not update
2020-10-09T16:35:32-0400 [INFO    ] backups2datalad.py Syncing asset /sub-EC9/sub-EC9_ses-EC9-B63.nwb
2020-10-09T16:35:32-0400 [WARNING ] backups2datalad.py Asset metadata does not include sha256 hash
2020-10-09T16:35:33-0400 [INFO    ] backups2datalad.py Asset in dataset, hash not available, and size is unchanged; will not update
2020-10-09T16:35:33-0400 [INFO    ] backups2datalad.py Syncing asset /sub-GP31/sub-GP31_ses-GP31-B1.nwb
2020-10-09T16:35:33-0400 [WARNING ] backups2datalad.py Asset metadata does not include sha256 hash
2020-10-09T16:35:33-0400 [INFO    ] backups2datalad.py Asset in dataset, hash not available, and size is unchanged; will not update
2020-10-09T16:35:33-0400 [INFO    ] backups2datalad.py Syncing asset /sub-GP31/sub-GP31_ses-GP31-B2.nwb
2020-10-09T16:35:33-0400 [WARNING ] backups2datalad.py Asset metadata does not include sha256 hash
2020-10-09T16:35:33-0400 [INFO    ] backups2datalad.py Asset in dataset, hash not available, and size is unchanged; will not update
2020-10-09T16:35:33-0400 [INFO    ] backups2datalad.py Syncing asset /sub-GP31/sub-GP31_ses-GP31-B21.nwb
2020-10-09T16:35:33-0400 [WARNING ] backups2datalad.py Asset metadata does not include sha256 hash
2020-10-09T16:35:34-0400 [INFO    ] backups2datalad.py Asset in dataset, hash not available, and size is unchanged; will not update
2020-10-09T16:35:34-0400 [INFO    ] backups2datalad.py Syncing asset /sub-GP31/sub-GP31_ses-GP31-B4.nwb
2020-10-09T16:35:34-0400 [WARNING ] backups2datalad.py Asset metadata does not include sha256 hash
2020-10-09T16:35:34-0400 [INFO    ] backups2datalad.py Asset in dataset, hash not available, and size is unchanged; will not update
2020-10-09T16:35:34-0400 [INFO    ] backups2datalad.py Syncing asset /sub-GP31/sub-GP31_ses-GP31-B6.nwb
2020-10-09T16:35:34-0400 [WARNING ] backups2datalad.py Asset metadata does not include sha256 hash
2020-10-09T16:35:34-0400 [INFO    ] backups2datalad.py Asset in dataset, hash not available, and size is unchanged; will not update
2020-10-09T16:35:34-0400 [INFO    ] backups2datalad.py Syncing asset /sub-GP31/sub-GP31_ses-GP31-B63.nwb
2020-10-09T16:35:34-0400 [WARNING ] backups2datalad.py Asset metadata does not include sha256 hash
2020-10-09T16:35:35-0400 [INFO    ] backups2datalad.py Asset in dataset, hash not available, and size is unchanged; will not update
2020-10-09T16:35:35-0400 [INFO    ] backups2datalad.py Syncing asset /sub-GP31/sub-GP31_ses-GP31-B65.nwb
2020-10-09T16:35:35-0400 [WARNING ] backups2datalad.py Asset metadata does not include sha256 hash
2020-10-09T16:35:35-0400 [INFO    ] backups2datalad.py Asset in dataset, hash not available, and size is unchanged; will not update
2020-10-09T16:35:35-0400 [INFO    ] backups2datalad.py Syncing asset /sub-GP31/sub-GP31_ses-GP31-B67.nwb
2020-10-09T16:35:35-0400 [WARNING ] backups2datalad.py Asset metadata does not include sha256 hash
2020-10-09T16:35:35-0400 [INFO    ] backups2datalad.py Asset in dataset, hash not available, and size is unchanged; will not update
2020-10-09T16:35:35-0400 [INFO    ] backups2datalad.py Syncing asset /sub-GP31/sub-GP31_ses-GP31-B69.nwb
2020-10-09T16:35:35-0400 [WARNING ] backups2datalad.py Asset metadata does not include sha256 hash
2020-10-09T16:35:36-0400 [INFO    ] backups2datalad.py Asset in dataset, hash not available, and size is unchanged; will not update
2020-10-09T16:35:36-0400 [INFO    ] backups2datalad.py Syncing asset /sub-GP31/sub-GP31_ses-GP31-B71.nwb
2020-10-09T16:35:36-0400 [WARNING ] backups2datalad.py Asset metadata does not include sha256 hash
2020-10-09T16:35:36-0400 [INFO    ] backups2datalad.py Asset in dataset, hash not available, and size is unchanged; will not update
2020-10-09T16:35:36-0400 [INFO    ] backups2datalad.py Syncing asset /sub-GP31/sub-GP31_ses-GP31-B78.nwb
2020-10-09T16:35:36-0400 [WARNING ] backups2datalad.py Asset metadata does not include sha256 hash
2020-10-09T16:35:36-0400 [INFO    ] backups2datalad.py Asset in dataset, hash not available, and size is unchanged; will not update
2020-10-09T16:35:36-0400 [INFO    ] backups2datalad.py Syncing asset /sub-GP31/sub-GP31_ses-GP31-B82.nwb
2020-10-09T16:35:36-0400 [WARNING ] backups2datalad.py Asset metadata does not include sha256 hash
2020-10-09T16:35:36-0400 [INFO    ] backups2datalad.py Asset in dataset, hash not available, and size is unchanged; will not update
2020-10-09T16:35:36-0400 [INFO    ] backups2datalad.py Syncing asset /sub-GP31/sub-GP31_ses-GP31-B83.nwb
2020-10-09T16:35:36-0400 [WARNING ] backups2datalad.py Asset metadata does not include sha256 hash
2020-10-09T16:35:37-0400 [INFO    ] backups2datalad.py Asset in dataset, hash not available, and size is unchanged; will not update
2020-10-09T16:35:37-0400 [INFO    ] backups2datalad.py Syncing asset /sub-GP31/sub-GP31_ses-GP31-B9.nwb
2020-10-09T16:35:37-0400 [WARNING ] backups2datalad.py Asset metadata does not include sha256 hash
2020-10-09T16:35:37-0400 [INFO    ] backups2datalad.py Asset in dataset, hash not available, and size is unchanged; will not update
2020-10-09T16:35:37-0400 [INFO    ] backups2datalad.py Syncing asset /sub-GP33/sub-GP33_ses-GP33-B1.nwb
2020-10-09T16:35:37-0400 [WARNING ] backups2datalad.py Asset metadata does not include sha256 hash
2020-10-09T16:35:37-0400 [INFO    ] backups2datalad.py Asset in dataset, hash not available, and size is unchanged; will not update
2020-10-09T16:35:37-0400 [INFO    ] backups2datalad.py Syncing asset /sub-GP33/sub-GP33_ses-GP33-B30.nwb
2020-10-09T16:35:37-0400 [WARNING ] backups2datalad.py Asset metadata does not include sha256 hash
2020-10-09T16:35:38-0400 [INFO    ] backups2datalad.py Asset in dataset, hash not available, and size is unchanged; will not update
2020-10-09T16:35:38-0400 [INFO    ] backups2datalad.py Syncing asset /sub-GP33/sub-GP33_ses-GP33-B5.nwb
2020-10-09T16:35:38-0400 [WARNING ] backups2datalad.py Asset metadata does not include sha256 hash
2020-10-09T16:35:38-0400 [INFO    ] backups2datalad.py Asset in dataset, hash not available, and size is unchanged; will not update
2020-10-09T16:35:38-0400 [INFO    ] backups2datalad.py Commiting changes
2020-10-09T16:35:39-0400 [INFO    ] backups2datalad.py Creating GitHub sibling for 000019
2020-10-09T16:35:39-0400 [INFO    ] backups2datalad.py Pushing to sibling
2020-10-09T16:35:39-0400 [INFO    ] datalad.core.distributed.push Determine push target
2020-10-09T16:35:39-0400 [INFO    ] datalad.core.distributed.push Push refspecs
2020-10-09T16:35:39-0400 [INFO    ] datalad.core.distributed.push Transfer data
2020-10-09T16:35:39-0400 [INFO    ] datalad.core.distributed.push Update availability information
2020-10-09T16:35:40-0400 [INFO    ] datalad.gitrepo Start enumerating objects
2020-10-09T16:35:40-0400 [INFO    ] datalad.gitrepo Finished enumerating objects
2020-10-09T16:35:40-0400 [INFO    ] datalad.gitrepo Start counting objects
2020-10-09T16:35:40-0400 [INFO    ] datalad.gitrepo Counting objects:   9% (1/11)
2020-10-09T16:35:40-0400 [INFO    ] datalad.gitrepo Counting objects:  18% (2/11)
2020-10-09T16:35:40-0400 [INFO    ] datalad.gitrepo Counting objects:  27% (3/11)
2020-10-09T16:35:40-0400 [INFO    ] datalad.gitrepo Counting objects:  36% (4/11)
2020-10-09T16:35:40-0400 [INFO    ] datalad.gitrepo Counting objects:  45% (5/11)
2020-10-09T16:35:40-0400 [INFO    ] datalad.gitrepo Counting objects:  54% (6/11)
2020-10-09T16:35:40-0400 [INFO    ] datalad.gitrepo Counting objects:  63% (7/11)
2020-10-09T16:35:40-0400 [INFO    ] datalad.gitrepo Counting objects:  72% (8/11)
2020-10-09T16:35:40-0400 [INFO    ] datalad.gitrepo Counting objects:  81% (9/11)
2020-10-09T16:35:40-0400 [INFO    ] datalad.gitrepo Counting objects:  90% (10/11)
2020-10-09T16:35:40-0400 [INFO    ] datalad.gitrepo Counting objects: 100% (11/11)
2020-10-09T16:35:40-0400 [INFO    ] datalad.gitrepo Counting objects: 100% (11/11), done.
2020-10-09T16:35:40-0400 [INFO    ] datalad.gitrepo Finished counting objects
2020-10-09T16:35:40-0400 [INFO    ] datalad.gitrepo Start compressing objects
2020-10-09T16:35:40-0400 [INFO    ] datalad.gitrepo Compressing objects:  14% (1/7)
2020-10-09T16:35:40-0400 [INFO    ] datalad.gitrepo Compressing objects:  28% (2/7)
2020-10-09T16:35:40-0400 [INFO    ] datalad.gitrepo Compressing objects:  42% (3/7)
2020-10-09T16:35:40-0400 [INFO    ] datalad.gitrepo Compressing objects:  57% (4/7)
2020-10-09T16:35:40-0400 [INFO    ] datalad.gitrepo Compressing objects:  71% (5/7)
2020-10-09T16:35:40-0400 [INFO    ] datalad.gitrepo Compressing objects:  85% (6/7)
2020-10-09T16:35:40-0400 [INFO    ] datalad.gitrepo Compressing objects: 100% (7/7)
2020-10-09T16:35:40-0400 [INFO    ] datalad.gitrepo Compressing objects: 100% (7/7), done.
2020-10-09T16:35:40-0400 [INFO    ] datalad.gitrepo Finished compressing objects
2020-10-09T16:35:40-0400 [INFO    ] datalad.gitrepo Start writing objects
2020-10-09T16:35:40-0400 [INFO    ] datalad.gitrepo Writing objects:  14% (1/7)
2020-10-09T16:35:40-0400 [INFO    ] datalad.gitrepo Writing objects:  28% (2/7)
2020-10-09T16:35:40-0400 [INFO    ] datalad.gitrepo Writing objects:  42% (3/7)
2020-10-09T16:35:40-0400 [INFO    ] datalad.gitrepo Writing objects:  57% (4/7)
2020-10-09T16:35:40-0400 [INFO    ] datalad.gitrepo Writing objects:  71% (5/7)
2020-10-09T16:35:40-0400 [INFO    ] datalad.gitrepo Writing objects:  85% (6/7)
2020-10-09T16:35:40-0400 [INFO    ] datalad.gitrepo Writing objects: 100% (7/7)
2020-10-09T16:35:40-0400 [INFO    ] datalad.gitrepo Writing objects: 100% (7/7), 1.59 KiB | 814.00 KiB/s, done.
2020-10-09T16:35:40-0400 [INFO    ] datalad.gitrepo Finished writing objects
2020-10-09T16:35:40-0400 [INFO    ] datalad.gitrepo Start resolving deltas
2020-10-09T16:35:40-0400 [INFO    ] datalad.gitrepo remote: Resolving deltas:   0% (0/3)
2020-10-09T16:35:40-0400 [INFO    ] datalad.gitrepo remote: Resolving deltas:  33% (1/3)
2020-10-09T16:35:40-0400 [INFO    ] datalad.gitrepo remote: Resolving deltas: 100% (3/3)
2020-10-09T16:35:40-0400 [INFO    ] datalad.gitrepo remote: Resolving deltas: 100% (3/3), completed with 2 local objects.
2020-10-09T16:35:43-0400 [INFO    ] datalad.gitrepo Finished
2020-10-09T16:35:43-0400 [INFO    ] datalad.core.distributed.push Finished push of Dataset(/mnt/backup/dandi/dandiarchive-replica/000019)
